<?xml version="1.0" encoding="UTF-8"?>
<!-- Generated by org.testng.reporters.JUnitReportReporter -->
<testsuite skipped="0" hostname="Dhillon-PC" name="com.legacyTest.test.TC03_GetAttendance" tests="1" failures="0" timestamp="05 Nov 2017 17:31:43 GMT" time="78.317" errors="0">
  <testcase name="GetAttendance" time="78.317" classname="com.legacyTest.test.TC03_GetAttendance"/>
</testsuite> <!-- com.legacyTest.test.TC03_GetAttendance -->
